[debug] [2023-06-12T14:25:07.177Z] ----------------------------------------------------------------------
[debug] [2023-06-12T14:25:07.178Z] Command:       C:\Program Files\nodejs\node.exe C:\Users\woodr\AppData\Roaming\npm\node_modules\firebase-tools\lib\bin\firebase.js init hosting:github
[debug] [2023-06-12T14:25:07.179Z] CLI Version:   12.3.1
[debug] [2023-06-12T14:25:07.179Z] Platform:      win32
[debug] [2023-06-12T14:25:07.179Z] Node Version:  v18.16.0
[debug] [2023-06-12T14:25:07.180Z] Time:          Mon Jun 12 2023 10:25:07 GMT-0400 (Eastern Daylight Time)
[debug] [2023-06-12T14:25:07.180Z] ----------------------------------------------------------------------
[debug] 
[debug] [2023-06-12T14:25:07.221Z] > command requires scopes: ["email","openid","https://www.googleapis.com/auth/cloudplatformprojects.readonly","https://www.googleapis.com/auth/firebase","https://www.googleapis.com/auth/cloud-platform"]
[debug] [2023-06-12T14:25:07.221Z] > authorizing via signed-in user (andrew213455@gmail.com)
[info] 
     ######## #### ########  ######## ########     ###     ######  ########
     ##        ##  ##     ## ##       ##     ##  ##   ##  ##       ##
     ######    ##  ########  ######   ########  #########  ######  ######
     ##        ##  ##    ##  ##       ##     ## ##     ##       ## ##
     ##       #### ##     ## ######## ########  ##     ##  ######  ########

You're about to initialize a Firebase project in this directory:

  C:\Users\woodr\Desktop\Personal\09-fullstack\shoutouts\frontend

Before we get started, keep in mind:

  * You are initializing within an existing Firebase project directory

[info] 
=== Project Setup
[info] 
[info] First, let's associate this project directory with a Firebase project.
[info] You can create multiple project aliases by running firebase use --add, 
[info] but for now we'll just set up a default project.
[info] 
[debug] [2023-06-12T14:25:25.864Z] Using project from CLI flag: shoutouts-666fa
[debug] [2023-06-12T14:25:25.866Z] >>> [apiv2][query] GET https://firebase.googleapis.com/v1beta1/projects/shoutouts-666fa [none]
[debug] [2023-06-12T14:25:26.162Z] <<< [apiv2][status] GET https://firebase.googleapis.com/v1beta1/projects/shoutouts-666fa 200
[debug] [2023-06-12T14:25:26.162Z] <<< [apiv2][body] GET https://firebase.googleapis.com/v1beta1/projects/shoutouts-666fa {"projectId":"shoutouts-666fa","projectNumber":"713423636098","displayName":"shoutouts","name":"projects/shoutouts-666fa","resources":{"hostingSite":"shoutouts-666fa","storageBucket":"shoutouts-666fa.appspot.com","locationId":"us-central"},"state":"ACTIVE","etag":"1_b0149346-9112-4d8c-b818-edcde963cd8f"}
[info] i  Using project shoutouts-666fa (shoutouts) 
[info] 
=== Hosting:github Setup
[info] 
[info] i  Detected a .git folder at C:\Users\woodr\Desktop\Personal\09-fullstack\shoutouts\frontend 
[info] i  Authorizing with GitHub to upload your service account to a GitHub repository's secrets store. 
[info] 
[info] Visit this URL on this device to log in:
[info] https://github.com/login/oauth/authorize?client_id=89cf50f02ac6aaed3484&state=1042044075&redirect_uri=http%3A%2F%2Flocalhost%3A9005&scope=read%3Auser%20repo%20public_repo
[info] 
[info] Waiting for authentication...
[debug] [2023-06-12T14:25:38.835Z] >>> [apiv2][query] POST https://github.com/login/oauth/access_token [none]
[debug] [2023-06-12T14:25:38.835Z] >>> [apiv2][body] POST https://github.com/login/oauth/access_token [stream]
[debug] [2023-06-12T14:25:39.111Z] <<< [apiv2][status] POST https://github.com/login/oauth/access_token 200
[debug] [2023-06-12T14:25:39.111Z] <<< [apiv2][body] POST https://github.com/login/oauth/access_token {"access_token":"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","token_type":"bearer","scope":"read:user,repo"}
[debug] [2023-06-12T14:25:39.115Z] >>> [apiv2][query] GET https://api.github.com/user [none]
[debug] [2023-06-12T14:25:39.386Z] <<< [apiv2][status] GET https://api.github.com/user 200
[debug] [2023-06-12T14:25:39.386Z] <<< [apiv2][body] GET https://api.github.com/user {"login":"Andrew213455","id":129416293,"node_id":"U_kgDOB7a8ZQ","avatar_url":"https://avatars.githubusercontent.com/u/129416293?v=4","gravatar_id":"","url":"https://api.github.com/users/Andrew213455","html_url":"https://github.com/Andrew213455","followers_url":"https://api.github.com/users/Andrew213455/followers","following_url":"https://api.github.com/users/Andrew213455/following{/other_user}","gists_url":"https://api.github.com/users/Andrew213455/gists{/gist_id}","starred_url":"https://api.github.com/users/Andrew213455/starred{/owner}{/repo}","subscriptions_url":"https://api.github.com/users/Andrew213455/subscriptions","organizations_url":"https://api.github.com/users/Andrew213455/orgs","repos_url":"https://api.github.com/users/Andrew213455/repos","events_url":"https://api.github.com/users/Andrew213455/events{/privacy}","received_events_url":"https://api.github.com/users/Andrew213455/received_events","type":"User","site_admin":false,"name":"Andrew Woodring","company":null,"blog":"","location":null,"email":null,"hireable":null,"bio":"Aspiring software engineer at the Grand Circus Bootcamp","twitter_username":null,"public_repos":20,"public_gists":0,"followers":0,"following":0,"created_at":"2023-03-30T15:54:02Z","updated_at":"2023-06-08T23:25:11Z","private_gists":0,"total_private_repos":0,"owned_private_repos":0,"disk_usage":14679,"collaborators":0,"two_factor_authentication":false,"plan":{"name":"free","space":976562499,"collaborators":0,"private_repos":10000}}
[info] 
[info] +  Success! Logged into GitHub as Andrew213455 
[info] 
